Connecting to database specified by database.yml


Started GET "/cars" for 10.0.2.2 at 2012-08-28 19:54:59 +0200

ActionController::RoutingError (No route matches [GET] "/cars"):
  actionpack (3.2.8) lib/action_dispatch/middleware/debug_exceptions.rb:21:in `call'
  actionpack (3.2.8) lib/action_dispatch/middleware/show_exceptions.rb:56:in `call'
  railties (3.2.8) lib/rails/rack/logger.rb:26:in `call_app'
  railties (3.2.8) lib/rails/rack/logger.rb:16:in `call'
  actionpack (3.2.8) lib/action_dispatch/middleware/request_id.rb:22:in `call'
  rack (1.4.1) lib/rack/methodoverride.rb:21:in `call'
  rack (1.4.1) lib/rack/runtime.rb:17:in `call'
  activesupport (3.2.8) lib/active_support/cache/strategy/local_cache.rb:72:in `call'
  rack (1.4.1) lib/rack/lock.rb:15:in `call'
  actionpack (3.2.8) lib/action_dispatch/middleware/static.rb:62:in `call'
  railties (3.2.8) lib/rails/engine.rb:479:in `call'
  railties (3.2.8) lib/rails/application.rb:223:in `call'
  rack (1.4.1) lib/rack/content_length.rb:14:in `call'
  railties (3.2.8) lib/rails/rack/log_tailer.rb:17:in `call'
  rack (1.4.1) lib/rack/handler/webrick.rb:59:in `service'
  /home/vagrant/.rvm/rubies/ruby-1.9.3-p194/lib/ruby/1.9.1/webrick/httpserver.rb:138:in `service'
  /home/vagrant/.rvm/rubies/ruby-1.9.3-p194/lib/ruby/1.9.1/webrick/httpserver.rb:94:in `run'
  /home/vagrant/.rvm/rubies/ruby-1.9.3-p194/lib/ruby/1.9.1/webrick/server.rb:191:in `block in start_thread'


  Rendered /home/vagrant/.rvm/gems/ruby-1.9.3-p194@rails3-bootstrap-devise-cancan/gems/actionpack-3.2.8/lib/action_dispatch/middleware/templates/rescues/routing_error.erb within rescues/layout (15.7ms)


Started GET "/assets/rails.png" for 10.0.2.2 at 2012-08-28 19:55:03 +0200
Served asset /rails.png - 404 Not Found (10ms)

ActionController::RoutingError (No route matches [GET] "/assets/rails.png"):
  actionpack (3.2.8) lib/action_dispatch/middleware/debug_exceptions.rb:21:in `call'
  actionpack (3.2.8) lib/action_dispatch/middleware/show_exceptions.rb:56:in `call'
  railties (3.2.8) lib/rails/rack/logger.rb:26:in `call_app'
  railties (3.2.8) lib/rails/rack/logger.rb:16:in `call'
  actionpack (3.2.8) lib/action_dispatch/middleware/request_id.rb:22:in `call'
  rack (1.4.1) lib/rack/methodoverride.rb:21:in `call'
  rack (1.4.1) lib/rack/runtime.rb:17:in `call'
  activesupport (3.2.8) lib/active_support/cache/strategy/local_cache.rb:72:in `call'
  rack (1.4.1) lib/rack/lock.rb:15:in `call'
  actionpack (3.2.8) lib/action_dispatch/middleware/static.rb:62:in `call'
  railties (3.2.8) lib/rails/engine.rb:479:in `call'
  railties (3.2.8) lib/rails/application.rb:223:in `call'
  rack (1.4.1) lib/rack/content_length.rb:14:in `call'
  railties (3.2.8) lib/rails/rack/log_tailer.rb:17:in `call'
  rack (1.4.1) lib/rack/handler/webrick.rb:59:in `service'
  /home/vagrant/.rvm/rubies/ruby-1.9.3-p194/lib/ruby/1.9.1/webrick/httpserver.rb:138:in `service'
  /home/vagrant/.rvm/rubies/ruby-1.9.3-p194/lib/ruby/1.9.1/webrick/httpserver.rb:94:in `run'
  /home/vagrant/.rvm/rubies/ruby-1.9.3-p194/lib/ruby/1.9.1/webrick/server.rb:191:in `block in start_thread'


  Rendered /home/vagrant/.rvm/gems/ruby-1.9.3-p194@rails3-bootstrap-devise-cancan/gems/actionpack-3.2.8/lib/action_dispatch/middleware/templates/rescues/routing_error.erb within rescues/layout (0.4ms)
Connecting to database specified by database.yml
Connecting to database specified by database.yml


Started GET "/assets/rails.png" for 10.0.2.2 at 2012-08-28 20:10:48 +0200
Served asset /rails.png - 404 Not Found (2ms)

ActionController::RoutingError (No route matches [GET] "/assets/rails.png"):
  actionpack (3.2.8) lib/action_dispatch/middleware/debug_exceptions.rb:21:in `call'
  actionpack (3.2.8) lib/action_dispatch/middleware/show_exceptions.rb:56:in `call'
  railties (3.2.8) lib/rails/rack/logger.rb:26:in `call_app'
  railties (3.2.8) lib/rails/rack/logger.rb:16:in `call'
  actionpack (3.2.8) lib/action_dispatch/middleware/request_id.rb:22:in `call'
  rack (1.4.1) lib/rack/methodoverride.rb:21:in `call'
  rack (1.4.1) lib/rack/runtime.rb:17:in `call'
  activesupport (3.2.8) lib/active_support/cache/strategy/local_cache.rb:72:in `call'
  rack (1.4.1) lib/rack/lock.rb:15:in `call'
  actionpack (3.2.8) lib/action_dispatch/middleware/static.rb:62:in `call'
  railties (3.2.8) lib/rails/engine.rb:479:in `call'
  railties (3.2.8) lib/rails/application.rb:223:in `call'
  rack (1.4.1) lib/rack/content_length.rb:14:in `call'
  railties (3.2.8) lib/rails/rack/log_tailer.rb:17:in `call'
  rack (1.4.1) lib/rack/handler/webrick.rb:59:in `service'
  /home/vagrant/.rvm/rubies/ruby-1.9.3-p194/lib/ruby/1.9.1/webrick/httpserver.rb:138:in `service'
  /home/vagrant/.rvm/rubies/ruby-1.9.3-p194/lib/ruby/1.9.1/webrick/httpserver.rb:94:in `run'
  /home/vagrant/.rvm/rubies/ruby-1.9.3-p194/lib/ruby/1.9.1/webrick/server.rb:191:in `block in start_thread'


  Rendered /home/vagrant/.rvm/gems/ruby-1.9.3-p194@rails3-bootstrap-devise-cancan/gems/actionpack-3.2.8/lib/action_dispatch/middleware/templates/rescues/routing_error.erb within rescues/layout (16.2ms)
Connecting to database specified by database.yml
Connecting to database specified by database.yml


Started GET "/assets/rails.png" for 10.0.2.2 at 2012-08-28 20:18:09 +0200
Served asset /rails.png - 404 Not Found (2ms)

ActionController::RoutingError (No route matches [GET] "/assets/rails.png"):
  actionpack (3.2.8) lib/action_dispatch/middleware/debug_exceptions.rb:21:in `call'
  actionpack (3.2.8) lib/action_dispatch/middleware/show_exceptions.rb:56:in `call'
  railties (3.2.8) lib/rails/rack/logger.rb:26:in `call_app'
  railties (3.2.8) lib/rails/rack/logger.rb:16:in `call'
  actionpack (3.2.8) lib/action_dispatch/middleware/request_id.rb:22:in `call'
  rack (1.4.1) lib/rack/methodoverride.rb:21:in `call'
  rack (1.4.1) lib/rack/runtime.rb:17:in `call'
  activesupport (3.2.8) lib/active_support/cache/strategy/local_cache.rb:72:in `call'
  rack (1.4.1) lib/rack/lock.rb:15:in `call'
  actionpack (3.2.8) lib/action_dispatch/middleware/static.rb:62:in `call'
  railties (3.2.8) lib/rails/engine.rb:479:in `call'
  railties (3.2.8) lib/rails/application.rb:223:in `call'
  rack (1.4.1) lib/rack/content_length.rb:14:in `call'
  railties (3.2.8) lib/rails/rack/log_tailer.rb:17:in `call'
  rack (1.4.1) lib/rack/handler/webrick.rb:59:in `service'
  /home/vagrant/.rvm/rubies/ruby-1.9.3-p194/lib/ruby/1.9.1/webrick/httpserver.rb:138:in `service'
  /home/vagrant/.rvm/rubies/ruby-1.9.3-p194/lib/ruby/1.9.1/webrick/httpserver.rb:94:in `run'
  /home/vagrant/.rvm/rubies/ruby-1.9.3-p194/lib/ruby/1.9.1/webrick/server.rb:191:in `block in start_thread'


  Rendered /home/vagrant/.rvm/gems/ruby-1.9.3-p194@rails3-bootstrap-devise-cancan/gems/actionpack-3.2.8/lib/action_dispatch/middleware/templates/rescues/routing_error.erb within rescues/layout (17.4ms)
Connecting to database specified by database.yml


Started GET "/assets/rails.png" for 10.0.2.2 at 2012-08-28 20:22:34 +0200
Served asset /rails.png - 404 Not Found (2ms)

ActionController::RoutingError (No route matches [GET] "/assets/rails.png"):
  actionpack (3.2.8) lib/action_dispatch/middleware/debug_exceptions.rb:21:in `call'
  actionpack (3.2.8) lib/action_dispatch/middleware/show_exceptions.rb:56:in `call'
  railties (3.2.8) lib/rails/rack/logger.rb:26:in `call_app'
  railties (3.2.8) lib/rails/rack/logger.rb:16:in `call'
  actionpack (3.2.8) lib/action_dispatch/middleware/request_id.rb:22:in `call'
  rack (1.4.1) lib/rack/methodoverride.rb:21:in `call'
  rack (1.4.1) lib/rack/runtime.rb:17:in `call'
  activesupport (3.2.8) lib/active_support/cache/strategy/local_cache.rb:72:in `call'
  rack (1.4.1) lib/rack/lock.rb:15:in `call'
  actionpack (3.2.8) lib/action_dispatch/middleware/static.rb:62:in `call'
  railties (3.2.8) lib/rails/engine.rb:479:in `call'
  railties (3.2.8) lib/rails/application.rb:223:in `call'
  rack (1.4.1) lib/rack/content_length.rb:14:in `call'
  railties (3.2.8) lib/rails/rack/log_tailer.rb:17:in `call'
  rack (1.4.1) lib/rack/handler/webrick.rb:59:in `service'
  /home/vagrant/.rvm/rubies/ruby-1.9.3-p194/lib/ruby/1.9.1/webrick/httpserver.rb:138:in `service'
  /home/vagrant/.rvm/rubies/ruby-1.9.3-p194/lib/ruby/1.9.1/webrick/httpserver.rb:94:in `run'
  /home/vagrant/.rvm/rubies/ruby-1.9.3-p194/lib/ruby/1.9.1/webrick/server.rb:191:in `block in start_thread'


  Rendered /home/vagrant/.rvm/gems/ruby-1.9.3-p194@rails3-bootstrap-devise-cancan/gems/actionpack-3.2.8/lib/action_dispatch/middleware/templates/rescues/routing_error.erb within rescues/layout (15.1ms)
Connecting to database specified by database.yml


Started GET "/devise" for 10.0.2.2 at 2012-08-28 20:23:13 +0200

ActionController::RoutingError (No route matches [GET] "/devise"):
  actionpack (3.2.8) lib/action_dispatch/middleware/debug_exceptions.rb:21:in `call'
  actionpack (3.2.8) lib/action_dispatch/middleware/show_exceptions.rb:56:in `call'
  railties (3.2.8) lib/rails/rack/logger.rb:26:in `call_app'
  railties (3.2.8) lib/rails/rack/logger.rb:16:in `call'
  actionpack (3.2.8) lib/action_dispatch/middleware/request_id.rb:22:in `call'
  rack (1.4.1) lib/rack/methodoverride.rb:21:in `call'
  rack (1.4.1) lib/rack/runtime.rb:17:in `call'
  activesupport (3.2.8) lib/active_support/cache/strategy/local_cache.rb:72:in `call'
  rack (1.4.1) lib/rack/lock.rb:15:in `call'
  actionpack (3.2.8) lib/action_dispatch/middleware/static.rb:62:in `call'
  railties (3.2.8) lib/rails/engine.rb:479:in `call'
  railties (3.2.8) lib/rails/application.rb:223:in `call'
  rack (1.4.1) lib/rack/content_length.rb:14:in `call'
  railties (3.2.8) lib/rails/rack/log_tailer.rb:17:in `call'
  rack (1.4.1) lib/rack/handler/webrick.rb:59:in `service'
  /home/vagrant/.rvm/rubies/ruby-1.9.3-p194/lib/ruby/1.9.1/webrick/httpserver.rb:138:in `service'
  /home/vagrant/.rvm/rubies/ruby-1.9.3-p194/lib/ruby/1.9.1/webrick/httpserver.rb:94:in `run'
  /home/vagrant/.rvm/rubies/ruby-1.9.3-p194/lib/ruby/1.9.1/webrick/server.rb:191:in `block in start_thread'


  Rendered /home/vagrant/.rvm/gems/ruby-1.9.3-p194@rails3-bootstrap-devise-cancan/gems/actionpack-3.2.8/lib/action_dispatch/middleware/templates/rescues/routing_error.erb within rescues/layout (14.9ms)


Started GET "/home" for 10.0.2.2 at 2012-08-28 20:23:45 +0200

ActionController::RoutingError (No route matches [GET] "/home"):
  actionpack (3.2.8) lib/action_dispatch/middleware/debug_exceptions.rb:21:in `call'
  actionpack (3.2.8) lib/action_dispatch/middleware/show_exceptions.rb:56:in `call'
  railties (3.2.8) lib/rails/rack/logger.rb:26:in `call_app'
  railties (3.2.8) lib/rails/rack/logger.rb:16:in `call'
  actionpack (3.2.8) lib/action_dispatch/middleware/request_id.rb:22:in `call'
  rack (1.4.1) lib/rack/methodoverride.rb:21:in `call'
  rack (1.4.1) lib/rack/runtime.rb:17:in `call'
  activesupport (3.2.8) lib/active_support/cache/strategy/local_cache.rb:72:in `call'
  rack (1.4.1) lib/rack/lock.rb:15:in `call'
  actionpack (3.2.8) lib/action_dispatch/middleware/static.rb:62:in `call'
  railties (3.2.8) lib/rails/engine.rb:479:in `call'
  railties (3.2.8) lib/rails/application.rb:223:in `call'
  rack (1.4.1) lib/rack/content_length.rb:14:in `call'
  railties (3.2.8) lib/rails/rack/log_tailer.rb:17:in `call'
  rack (1.4.1) lib/rack/handler/webrick.rb:59:in `service'
  /home/vagrant/.rvm/rubies/ruby-1.9.3-p194/lib/ruby/1.9.1/webrick/httpserver.rb:138:in `service'
  /home/vagrant/.rvm/rubies/ruby-1.9.3-p194/lib/ruby/1.9.1/webrick/httpserver.rb:94:in `run'
  /home/vagrant/.rvm/rubies/ruby-1.9.3-p194/lib/ruby/1.9.1/webrick/server.rb:191:in `block in start_thread'


  Rendered /home/vagrant/.rvm/gems/ruby-1.9.3-p194@rails3-bootstrap-devise-cancan/gems/actionpack-3.2.8/lib/action_dispatch/middleware/templates/rescues/routing_error.erb within rescues/layout (0.4ms)


Started GET "/users" for 10.0.2.2 at 2012-08-28 20:23:50 +0200
Processing by UsersController#index as HTML
Completed 401 Unauthorized in 6ms


Started GET "/users/sign_in" for 10.0.2.2 at 2012-08-28 20:23:50 +0200
Processing by Devise::SessionsController#new as HTML
Completed 500 Internal Server Error in 36ms

ActiveRecord::StatementInvalid (Could not find table 'users'):
  activerecord (3.2.8) lib/active_record/connection_adapters/sqlite_adapter.rb:472:in `table_structure'
  activerecord (3.2.8) lib/active_record/connection_adapters/sqlite_adapter.rb:346:in `columns'
  activerecord (3.2.8) lib/active_record/connection_adapters/schema_cache.rb:12:in `block in initialize'
  activerecord (3.2.8) lib/active_record/model_schema.rb:228:in `yield'
  activerecord (3.2.8) lib/active_record/model_schema.rb:228:in `default'
  activerecord (3.2.8) lib/active_record/model_schema.rb:228:in `columns'
  activerecord (3.2.8) lib/active_record/model_schema.rb:243:in `column_defaults'
  activerecord (3.2.8) lib/active_record/base.rb:482:in `initialize'
  devise (2.1.2) app/controllers/devise_controller.rb:102:in `new'
  devise (2.1.2) app/controllers/devise_controller.rb:102:in `build_resource'
  devise (2.1.2) app/controllers/devise/sessions_controller.rb:8:in `new'
  actionpack (3.2.8) lib/action_controller/metal/implicit_render.rb:4:in `send_action'
  actionpack (3.2.8) lib/abstract_controller/base.rb:167:in `process_action'
  actionpack (3.2.8) lib/action_controller/metal/rendering.rb:10:in `process_action'
  actionpack (3.2.8) lib/abstract_controller/callbacks.rb:18:in `block in process_action'
  activesupport (3.2.8) lib/active_support/callbacks.rb:447:in `_run__508497468__process_action__557983682__callbacks'
  activesupport (3.2.8) lib/active_support/callbacks.rb:405:in `__run_callback'
  activesupport (3.2.8) lib/active_support/callbacks.rb:385:in `_run_process_action_callbacks'
  activesupport (3.2.8) lib/active_support/callbacks.rb:81:in `run_callbacks'
  actionpack (3.2.8) lib/abstract_controller/callbacks.rb:17:in `process_action'
  actionpack (3.2.8) lib/action_controller/metal/rescue.rb:29:in `process_action'
  actionpack (3.2.8) lib/action_controller/metal/instrumentation.rb:30:in `block in process_action'
  activesupport (3.2.8) lib/active_support/notifications.rb:123:in `block in instrument'
  activesupport (3.2.8) lib/active_support/notifications/instrumenter.rb:20:in `instrument'
  activesupport (3.2.8) lib/active_support/notifications.rb:123:in `instrument'
  actionpack (3.2.8) lib/action_controller/metal/instrumentation.rb:29:in `process_action'
  actionpack (3.2.8) lib/action_controller/metal/params_wrapper.rb:207:in `process_action'
  activerecord (3.2.8) lib/active_record/railties/controller_runtime.rb:18:in `process_action'
  actionpack (3.2.8) lib/abstract_controller/base.rb:121:in `process'
  actionpack (3.2.8) lib/abstract_controller/rendering.rb:45:in `process'
  actionpack (3.2.8) lib/action_controller/metal.rb:203:in `dispatch'
  actionpack (3.2.8) lib/action_controller/metal/rack_delegation.rb:14:in `dispatch'
  actionpack (3.2.8) lib/action_controller/metal.rb:246:in `block in action'
  actionpack (3.2.8) lib/action_dispatch/routing/route_set.rb:73:in `call'
  actionpack (3.2.8) lib/action_dispatch/routing/route_set.rb:73:in `dispatch'
  actionpack (3.2.8) lib/action_dispatch/routing/route_set.rb:36:in `call'
  actionpack (3.2.8) lib/action_dispatch/routing/mapper.rb:42:in `call'
  journey (1.0.4) lib/journey/router.rb:68:in `block in call'
  journey (1.0.4) lib/journey/router.rb:56:in `each'
  journey (1.0.4) lib/journey/router.rb:56:in `call'
  actionpack (3.2.8) lib/action_dispatch/routing/route_set.rb:600:in `call'
  warden (1.2.1) lib/warden/manager.rb:35:in `block in call'
  warden (1.2.1) lib/warden/manager.rb:34:in `catch'
  warden (1.2.1) lib/warden/manager.rb:34:in `call'
  actionpack (3.2.8) lib/action_dispatch/middleware/best_standards_support.rb:17:in `call'
  rack (1.4.1) lib/rack/etag.rb:23:in `call'
  rack (1.4.1) lib/rack/conditionalget.rb:25:in `call'
  actionpack (3.2.8) lib/action_dispatch/middleware/head.rb:14:in `call'
  actionpack (3.2.8) lib/action_dispatch/middleware/params_parser.rb:21:in `call'
  actionpack (3.2.8) lib/action_dispatch/middleware/flash.rb:242:in `call'
  rack (1.4.1) lib/rack/session/abstract/id.rb:205:in `context'
  rack (1.4.1) lib/rack/session/abstract/id.rb:200:in `call'
  actionpack (3.2.8) lib/action_dispatch/middleware/cookies.rb:339:in `call'
  activerecord (3.2.8) lib/active_record/query_cache.rb:64:in `call'
  activerecord (3.2.8) lib/active_record/connection_adapters/abstract/connection_pool.rb:473:in `call'
  actionpack (3.2.8) lib/action_dispatch/middleware/callbacks.rb:28:in `block in call'
  activesupport (3.2.8) lib/active_support/callbacks.rb:405:in `_run__946334900__call__701644854__callbacks'
  activesupport (3.2.8) lib/active_support/callbacks.rb:405:in `__run_callback'
  activesupport (3.2.8) lib/active_support/callbacks.rb:385:in `_run_call_callbacks'
  activesupport (3.2.8) lib/active_support/callbacks.rb:81:in `run_callbacks'
  actionpack (3.2.8) lib/action_dispatch/middleware/callbacks.rb:27:in `call'
  actionpack (3.2.8) lib/action_dispatch/middleware/reloader.rb:65:in `call'
  actionpack (3.2.8) lib/action_dispatch/middleware/remote_ip.rb:31:in `call'
  actionpack (3.2.8) lib/action_dispatch/middleware/debug_exceptions.rb:16:in `call'
  actionpack (3.2.8) lib/action_dispatch/middleware/show_exceptions.rb:56:in `call'
  railties (3.2.8) lib/rails/rack/logger.rb:26:in `call_app'
  railties (3.2.8) lib/rails/rack/logger.rb:16:in `call'
  actionpack (3.2.8) lib/action_dispatch/middleware/request_id.rb:22:in `call'
  rack (1.4.1) lib/rack/methodoverride.rb:21:in `call'
  rack (1.4.1) lib/rack/runtime.rb:17:in `call'
  activesupport (3.2.8) lib/active_support/cache/strategy/local_cache.rb:72:in `call'
  rack (1.4.1) lib/rack/lock.rb:15:in `call'
  actionpack (3.2.8) lib/action_dispatch/middleware/static.rb:62:in `call'
  railties (3.2.8) lib/rails/engine.rb:479:in `call'
  railties (3.2.8) lib/rails/application.rb:223:in `call'
  rack (1.4.1) lib/rack/content_length.rb:14:in `call'
  railties (3.2.8) lib/rails/rack/log_tailer.rb:17:in `call'
  rack (1.4.1) lib/rack/handler/webrick.rb:59:in `service'
  /home/vagrant/.rvm/rubies/ruby-1.9.3-p194/lib/ruby/1.9.1/webrick/httpserver.rb:138:in `service'
  /home/vagrant/.rvm/rubies/ruby-1.9.3-p194/lib/ruby/1.9.1/webrick/httpserver.rb:94:in `run'
  /home/vagrant/.rvm/rubies/ruby-1.9.3-p194/lib/ruby/1.9.1/webrick/server.rb:191:in `block in start_thread'


  Rendered /home/vagrant/.rvm/gems/ruby-1.9.3-p194@rails3-bootstrap-devise-cancan/gems/actionpack-3.2.8/lib/action_dispatch/middleware/templates/rescues/_trace.erb (1.0ms)
  Rendered /home/vagrant/.rvm/gems/ruby-1.9.3-p194@rails3-bootstrap-devise-cancan/gems/actionpack-3.2.8/lib/action_dispatch/middleware/templates/rescues/_request_and_response.erb (1.6ms)
  Rendered /home/vagrant/.rvm/gems/ruby-1.9.3-p194@rails3-bootstrap-devise-cancan/gems/actionpack-3.2.8/lib/action_dispatch/middleware/templates/rescues/diagnostics.erb within rescues/layout (9.6ms)
Connecting to database specified by database.yml
  [1m[36m (0.1ms)[0m  [1mselect sqlite_version(*)[0m
  [1m[35m (3.2ms)[0m  CREATE TABLE "schema_migrations" ("version" varchar(255) NOT NULL) 
  [1m[36m (0.0ms)[0m  [1mPRAGMA index_list("schema_migrations")[0m
  [1m[35m (1.6ms)[0m  CREATE UNIQUE INDEX "unique_schema_migrations" ON "schema_migrations" ("version")
  [1m[36m (0.1ms)[0m  [1mSELECT "schema_migrations"."version" FROM "schema_migrations" [0m
Migrating to DeviseCreateUsers (20120418171104)
  [1m[35m (0.0ms)[0m  begin transaction
  [1m[36m (0.3ms)[0m  [1mCREATE TABLE "users" ("id" INTEGER PRIMARY KEY AUTOINCREMENT NOT NULL, "email" varchar(255) DEFAULT '' NOT NULL, "encrypted_password" varchar(255) DEFAULT '' NOT NULL, "reset_password_token" varchar(255), "reset_password_sent_at" datetime, "remember_created_at" datetime, "sign_in_count" integer DEFAULT 0, "current_sign_in_at" datetime, "last_sign_in_at" datetime, "current_sign_in_ip" varchar(255), "last_sign_in_ip" varchar(255), "created_at" datetime NOT NULL, "updated_at" datetime NOT NULL) [0m
  [1m[35m (0.0ms)[0m  PRAGMA index_list("users")
  [1m[36m (0.3ms)[0m  [1mCREATE UNIQUE INDEX "index_users_on_email" ON "users" ("email")[0m
  [1m[35m (0.0ms)[0m  PRAGMA index_list("users")
  [1m[36m (0.0ms)[0m  [1mPRAGMA index_info('index_users_on_email')[0m
  [1m[35m (0.1ms)[0m  CREATE UNIQUE INDEX "index_users_on_reset_password_token" ON "users" ("reset_password_token")
  [1m[36m (0.1ms)[0m  [1mINSERT INTO "schema_migrations" ("version") VALUES ('20120418171104')[0m
  [1m[35m (1.6ms)[0m  commit transaction
Migrating to RolifyCreateRoles (20120418171110)
  [1m[36m (0.0ms)[0m  [1mbegin transaction[0m
  [1m[35m (0.2ms)[0m  CREATE TABLE "roles" ("id" INTEGER PRIMARY KEY AUTOINCREMENT NOT NULL, "name" varchar(255), "resource_id" integer, "resource_type" varchar(255), "created_at" datetime NOT NULL, "updated_at" datetime NOT NULL) 
  [1m[36m (0.1ms)[0m  [1mCREATE TABLE "users_roles" ("user_id" integer, "role_id" integer) [0m
  [1m[35m (0.0ms)[0m  PRAGMA index_list("roles")
  [1m[36m (0.1ms)[0m  [1mCREATE INDEX "index_roles_on_name" ON "roles" ("name")[0m
  [1m[35m (0.0ms)[0m  PRAGMA index_list("roles")
  [1m[36m (0.0ms)[0m  [1mPRAGMA index_info('index_roles_on_name')[0m
  [1m[35m (0.1ms)[0m  CREATE INDEX "index_roles_on_name_and_resource_type_and_resource_id" ON "roles" ("name", "resource_type", "resource_id")
  [1m[36m (0.0ms)[0m  [1mPRAGMA index_list("users_roles")[0m
  [1m[35m (0.1ms)[0m  CREATE INDEX "index_users_roles_on_user_id_and_role_id" ON "users_roles" ("user_id", "role_id")
  [1m[36m (0.1ms)[0m  [1mINSERT INTO "schema_migrations" ("version") VALUES ('20120418171110')[0m
  [1m[35m (3.3ms)[0m  commit transaction
Migrating to AddNameToUsers (20120418171112)
  [1m[36m (0.1ms)[0m  [1mbegin transaction[0m
  [1m[35m (0.5ms)[0m  ALTER TABLE "users" ADD "name" varchar(255)
  [1m[36m (0.1ms)[0m  [1mINSERT INTO "schema_migrations" ("version") VALUES ('20120418171112')[0m
  [1m[35m (1.1ms)[0m  commit transaction
  [1m[36m (0.3ms)[0m  [1mselect sqlite_version(*)[0m
  [1m[35m (0.1ms)[0m  SELECT "schema_migrations"."version" FROM "schema_migrations" 
  [1m[36m (0.0ms)[0m  [1mPRAGMA index_list("roles")[0m
  [1m[35m (0.0ms)[0m  PRAGMA index_info('index_roles_on_name_and_resource_type_and_resource_id')
  [1m[36m (0.0ms)[0m  [1mPRAGMA index_info('index_roles_on_name')[0m
  [1m[35m (0.0ms)[0m  PRAGMA index_list("users")
  [1m[36m (0.0ms)[0m  [1mPRAGMA index_info('index_users_on_reset_password_token')[0m
  [1m[35m (0.0ms)[0m  PRAGMA index_info('index_users_on_email')
  [1m[36m (0.0ms)[0m  [1mPRAGMA index_list("users_roles")[0m
  [1m[35m (0.0ms)[0m  PRAGMA index_info('index_users_roles_on_user_id_and_role_id')
Connecting to database specified by database.yml


Started GET "/users/sign_in" for 10.0.2.2 at 2012-08-28 20:24:26 +0200
Processing by Devise::SessionsController#new as HTML
  Rendered devise/shared/_links.html.erb (1.3ms)
  Rendered /home/vagrant/.rvm/gems/ruby-1.9.3-p194@rails3-bootstrap-devise-cancan/gems/devise-2.1.2/app/views/devise/sessions/new.html.erb within layouts/application (27.4ms)
Compiled bootstrap_and_overrides.css  (1366ms)  (pid 2087)
Compiled home.css  (1ms)  (pid 2087)
Compiled application.css  (1392ms)  (pid 2087)
Compiled jquery.js  (3ms)  (pid 2087)
Compiled jquery_ujs.js  (0ms)  (pid 2087)
Compiled bootstrap-transition.js  (0ms)  (pid 2087)
Compiled bootstrap-alert.js  (0ms)  (pid 2087)
Compiled bootstrap-button.js  (0ms)  (pid 2087)
Compiled bootstrap-carousel.js  (0ms)  (pid 2087)
Compiled bootstrap-collapse.js  (0ms)  (pid 2087)
Compiled bootstrap-dropdown.js  (0ms)  (pid 2087)
Compiled bootstrap-modal.js  (0ms)  (pid 2087)
Compiled bootstrap-scrollspy.js  (0ms)  (pid 2087)
Compiled bootstrap-tab.js  (0ms)  (pid 2087)
Compiled bootstrap-tooltip.js  (1ms)  (pid 2087)
Compiled bootstrap-popover.js  (0ms)  (pid 2087)
Compiled bootstrap-typeahead.js  (0ms)  (pid 2087)
Compiled bootstrap.js  (98ms)  (pid 2087)
Compiled home.js  (159ms)  (pid 2087)
Compiled application.js  (301ms)  (pid 2087)
  Rendered layouts/_navigation.html.erb (1.5ms)
  Rendered layouts/_messages.html.erb (0.4ms)
Completed 200 OK in 1886ms (Views: 1836.3ms | ActiveRecord: 1.6ms)


Started GET "/assets/application.css?body=1" for 10.0.2.2 at 2012-08-28 20:24:28 +0200
Served asset /application.css - 200 OK (11ms)


Started GET "/assets/bootstrap_and_overrides.css?body=1" for 10.0.2.2 at 2012-08-28 20:24:28 +0200
Served asset /bootstrap_and_overrides.css - 200 OK (7ms)


Started GET "/assets/home.css?body=1" for 10.0.2.2 at 2012-08-28 20:24:28 +0200
Served asset /home.css - 200 OK (3ms)


Started GET "/assets/bootstrap-transition.js?body=1" for 10.0.2.2 at 2012-08-28 20:24:28 +0200
Served asset /bootstrap-transition.js - 200 OK (2ms)


Started GET "/assets/jquery_ujs.js?body=1" for 10.0.2.2 at 2012-08-28 20:24:28 +0200
Served asset /jquery_ujs.js - 200 OK (1ms)


Started GET "/assets/jquery.js?body=1" for 10.0.2.2 at 2012-08-28 20:24:28 +0200
Served asset /jquery.js - 200 OK (6ms)


Started GET "/assets/bootstrap-alert.js?body=1" for 10.0.2.2 at 2012-08-28 20:24:28 +0200
Served asset /bootstrap-alert.js - 200 OK (2ms)


Started GET "/assets/bootstrap-button.js?body=1" for 10.0.2.2 at 2012-08-28 20:24:28 +0200
Served asset /bootstrap-button.js - 200 OK (1ms)


Started GET "/assets/bootstrap-carousel.js?body=1" for 10.0.2.2 at 2012-08-28 20:24:28 +0200
Served asset /bootstrap-carousel.js - 200 OK (1ms)


Started GET "/assets/bootstrap-dropdown.js?body=1" for 10.0.2.2 at 2012-08-28 20:24:28 +0200
Served asset /bootstrap-dropdown.js - 200 OK (3ms)


Started GET "/assets/bootstrap-collapse.js?body=1" for 10.0.2.2 at 2012-08-28 20:24:28 +0200
Served asset /bootstrap-collapse.js - 200 OK (2ms)


Started GET "/assets/bootstrap-modal.js?body=1" for 10.0.2.2 at 2012-08-28 20:24:28 +0200
Served asset /bootstrap-modal.js - 200 OK (1ms)


Started GET "/assets/bootstrap-scrollspy.js?body=1" for 10.0.2.2 at 2012-08-28 20:24:28 +0200
Served asset /bootstrap-scrollspy.js - 200 OK (1ms)


Started GET "/assets/bootstrap-tab.js?body=1" for 10.0.2.2 at 2012-08-28 20:24:28 +0200
Served asset /bootstrap-tab.js - 200 OK (1ms)


Started GET "/assets/bootstrap-tooltip.js?body=1" for 10.0.2.2 at 2012-08-28 20:24:28 +0200
Served asset /bootstrap-tooltip.js - 200 OK (1ms)


Started GET "/assets/bootstrap-popover.js?body=1" for 10.0.2.2 at 2012-08-28 20:24:28 +0200
Served asset /bootstrap-popover.js - 200 OK (5ms)


Started GET "/assets/bootstrap-typeahead.js?body=1" for 10.0.2.2 at 2012-08-28 20:24:28 +0200
Served asset /bootstrap-typeahead.js - 200 OK (1ms)


Started GET "/assets/bootstrap.js?body=1" for 10.0.2.2 at 2012-08-28 20:24:28 +0200
Served asset /bootstrap.js - 200 OK (9ms)


Started GET "/assets/home.js?body=1" for 10.0.2.2 at 2012-08-28 20:24:28 +0200
Served asset /home.js - 200 OK (0ms)


Started GET "/assets/application.js?body=1" for 10.0.2.2 at 2012-08-28 20:24:28 +0200
Served asset /application.js - 200 OK (13ms)


Started GET "/assets/rails.png" for 10.0.2.2 at 2012-08-28 20:24:32 +0200
Served asset /rails.png - 404 Not Found (2ms)

ActionController::RoutingError (No route matches [GET] "/assets/rails.png"):
  actionpack (3.2.8) lib/action_dispatch/middleware/debug_exceptions.rb:21:in `call'
  actionpack (3.2.8) lib/action_dispatch/middleware/show_exceptions.rb:56:in `call'
  railties (3.2.8) lib/rails/rack/logger.rb:26:in `call_app'
  railties (3.2.8) lib/rails/rack/logger.rb:16:in `call'
  actionpack (3.2.8) lib/action_dispatch/middleware/request_id.rb:22:in `call'
  rack (1.4.1) lib/rack/methodoverride.rb:21:in `call'
  rack (1.4.1) lib/rack/runtime.rb:17:in `call'
  activesupport (3.2.8) lib/active_support/cache/strategy/local_cache.rb:72:in `call'
  rack (1.4.1) lib/rack/lock.rb:15:in `call'
  actionpack (3.2.8) lib/action_dispatch/middleware/static.rb:62:in `call'
  railties (3.2.8) lib/rails/engine.rb:479:in `call'
  railties (3.2.8) lib/rails/application.rb:223:in `call'
  rack (1.4.1) lib/rack/content_length.rb:14:in `call'
  railties (3.2.8) lib/rails/rack/log_tailer.rb:17:in `call'
  rack (1.4.1) lib/rack/handler/webrick.rb:59:in `service'
  /home/vagrant/.rvm/rubies/ruby-1.9.3-p194/lib/ruby/1.9.1/webrick/httpserver.rb:138:in `service'
  /home/vagrant/.rvm/rubies/ruby-1.9.3-p194/lib/ruby/1.9.1/webrick/httpserver.rb:94:in `run'
  /home/vagrant/.rvm/rubies/ruby-1.9.3-p194/lib/ruby/1.9.1/webrick/server.rb:191:in `block in start_thread'


  Rendered /home/vagrant/.rvm/gems/ruby-1.9.3-p194@rails3-bootstrap-devise-cancan/gems/actionpack-3.2.8/lib/action_dispatch/middleware/templates/rescues/routing_error.erb within rescues/layout (0.5ms)


Started GET "/users/sign_up" for 10.0.2.2 at 2012-08-28 20:24:38 +0200
Processing by Devise::RegistrationsController#new as HTML
  Rendered devise/shared/_links.html.erb (0.4ms)
  Rendered devise/registrations/new.html.erb within layouts/application (3.6ms)
  Rendered layouts/_navigation.html.erb (0.7ms)
  Rendered layouts/_messages.html.erb (0.0ms)
Completed 200 OK in 38ms (Views: 38.0ms | ActiveRecord: 0.0ms)


Started POST "/users" for 10.0.2.2 at 2012-08-28 20:24:51 +0200
Processing by Devise::RegistrationsController#create as HTML
  Parameters: {"utf8"=>"✓", "authenticity_token"=>"btnKZderjzVXl9wM6Z8IrNubANf9McQw0bYZAy/Elks=", "user"=>{"name"=>"Jon", "email"=>"jonmike.reid@gmail.com", "password"=>"[FILTERED]", "password_confirmation"=>"[FILTERED]"}, "commit"=>"Sign up"}
  [1m[36m (0.0ms)[0m  [1mbegin transaction[0m
  [1m[35mUser Exists (0.1ms)[0m  SELECT 1 AS one FROM "users" WHERE "users"."email" = 'jonmike.reid@gmail.com' LIMIT 1
  [1m[36m (0.0ms)[0m  [1mrollback transaction[0m
  Rendered devise/shared/_links.html.erb (0.3ms)
  Rendered devise/registrations/new.html.erb within layouts/application (3.5ms)
  Rendered layouts/_navigation.html.erb (0.3ms)
  Rendered layouts/_messages.html.erb (0.0ms)
Completed 200 OK in 180ms (Views: 16.8ms | ActiveRecord: 0.0ms)


Started POST "/users" for 10.0.2.2 at 2012-08-28 20:25:03 +0200
Processing by Devise::RegistrationsController#create as HTML
  Parameters: {"utf8"=>"✓", "authenticity_token"=>"btnKZderjzVXl9wM6Z8IrNubANf9McQw0bYZAy/Elks=", "user"=>{"name"=>"Jon", "email"=>"jonmike.reid@gmail.com", "password"=>"[FILTERED]", "password_confirmation"=>"[FILTERED]"}, "commit"=>"Sign up"}
  [1m[35m (0.1ms)[0m  begin transaction
  [1m[36mUser Exists (0.1ms)[0m  [1mSELECT 1 AS one FROM "users" WHERE "users"."email" = 'jonmike.reid@gmail.com' LIMIT 1[0m
Binary data inserted for `string` type on column `encrypted_password`
  [1m[35mSQL (3.8ms)[0m  INSERT INTO "users" ("created_at", "current_sign_in_at", "current_sign_in_ip", "email", "encrypted_password", "last_sign_in_at", "last_sign_in_ip", "name", "remember_created_at", "reset_password_sent_at", "reset_password_token", "sign_in_count", "updated_at") VALUES (?, ?, ?, ?, ?, ?, ?, ?, ?, ?, ?, ?, ?)  [["created_at", Tue, 28 Aug 2012 18:25:04 UTC +00:00], ["current_sign_in_at", nil], ["current_sign_in_ip", nil], ["email", "jonmike.reid@gmail.com"], ["encrypted_password", "$2a$10$5uUJc.G9O1b1GQvJj9lOiO7Z9bhl1krqx/BaPQ5Wk6pLvFOIM7Dum"], ["last_sign_in_at", nil], ["last_sign_in_ip", nil], ["name", "Jon"], ["remember_created_at", nil], ["reset_password_sent_at", nil], ["reset_password_token", nil], ["sign_in_count", 0], ["updated_at", Tue, 28 Aug 2012 18:25:04 UTC +00:00]]
  [1m[36m (2.8ms)[0m  [1mcommit transaction[0m
  [1m[35m (0.0ms)[0m  begin transaction
  [1m[36m (0.1ms)[0m  [1mUPDATE "users" SET "last_sign_in_at" = '2012-08-28 18:25:04.078503', "current_sign_in_at" = '2012-08-28 18:25:04.078503', "last_sign_in_ip" = '10.0.2.2', "current_sign_in_ip" = '10.0.2.2', "sign_in_count" = 1, "updated_at" = '2012-08-28 18:25:04.079166' WHERE "users"."id" = 1[0m
  [1m[35m (1.2ms)[0m  commit transaction
Redirected to http://localhost:3333/users
Completed 302 Found in 121ms (ActiveRecord: 0.0ms)


Started GET "/users" for 10.0.2.2 at 2012-08-28 20:25:04 +0200
Processing by UsersController#index as HTML
  [1m[36mUser Load (0.2ms)[0m  [1mSELECT "users".* FROM "users" WHERE "users"."id" = 1 LIMIT 1[0m
  [1m[35m (0.1ms)[0m  SELECT COUNT(*) FROM "roles" INNER JOIN "users_roles" ON "roles"."id" = "users_roles"."role_id" WHERE "users_roles"."user_id" = 1 AND (((roles.name = 'admin') AND (roles.resource_type IS NULL) AND (roles.resource_id IS NULL)))
Redirected to http://localhost:3333/
Completed 302 Found in 64ms (ActiveRecord: 0.7ms)


Started GET "/" for 10.0.2.2 at 2012-08-28 20:25:04 +0200
  [1m[36mUser Load (0.2ms)[0m  [1mSELECT "users".* FROM "users" WHERE "users"."id" = 1 LIMIT 1[0m
Processing by HomeController#index as HTML
  [1m[35mUser Load (0.1ms)[0m  SELECT "users".* FROM "users" 
  Rendered home/index.html.erb within layouts/application (0.6ms)
  [1m[36m (0.3ms)[0m  [1mSELECT COUNT(*) FROM "roles" INNER JOIN "users_roles" ON "roles"."id" = "users_roles"."role_id" WHERE "users_roles"."user_id" = 1 AND (((roles.name = 'admin') AND (roles.resource_type IS NULL) AND (roles.resource_id IS NULL)))[0m
  Rendered layouts/_navigation.html.erb (3.0ms)
  Rendered layouts/_messages.html.erb (0.1ms)
Completed 200 OK in 33ms (Views: 32.0ms | ActiveRecord: 0.4ms)


Started GET "/users/1" for 10.0.2.2 at 2012-08-28 20:25:08 +0200
Processing by UsersController#show as HTML
  Parameters: {"id"=>"1"}
  [1m[35mUser Load (0.1ms)[0m  SELECT "users".* FROM "users" WHERE "users"."id" = 1 LIMIT 1
  [1m[36mUser Load (0.1ms)[0m  [1mSELECT "users".* FROM "users" WHERE "users"."id" = ? LIMIT 1[0m  [["id", "1"]]
  Rendered users/show.html.erb within layouts/application (1.1ms)
  [1m[35m (0.1ms)[0m  SELECT COUNT(*) FROM "roles" INNER JOIN "users_roles" ON "roles"."id" = "users_roles"."role_id" WHERE "users_roles"."user_id" = 1 AND (((roles.name = 'admin') AND (roles.resource_type IS NULL) AND (roles.resource_id IS NULL)))
  Rendered layouts/_navigation.html.erb (1.4ms)
  Rendered layouts/_messages.html.erb (0.0ms)
Completed 200 OK in 20ms (Views: 18.2ms | ActiveRecord: 0.4ms)


Started GET "/users/edit" for 10.0.2.2 at 2012-08-28 20:25:11 +0200
Processing by Devise::RegistrationsController#edit as HTML
  [1m[36mUser Load (0.1ms)[0m  [1mSELECT "users".* FROM "users" WHERE "users"."id" = 1 LIMIT 1[0m
  Rendered devise/registrations/edit.html.erb within layouts/application (2.9ms)
  [1m[35m (0.1ms)[0m  SELECT COUNT(*) FROM "roles" INNER JOIN "users_roles" ON "roles"."id" = "users_roles"."role_id" WHERE "users_roles"."user_id" = 1 AND (((roles.name = 'admin') AND (roles.resource_type IS NULL) AND (roles.resource_id IS NULL)))
  Rendered layouts/_navigation.html.erb (1.9ms)
  Rendered layouts/_messages.html.erb (0.0ms)
Completed 200 OK in 21ms (Views: 19.6ms | ActiveRecord: 0.2ms)


Started GET "/" for 10.0.2.2 at 2012-08-28 20:25:18 +0200
  [1m[36mUser Load (0.1ms)[0m  [1mSELECT "users".* FROM "users" WHERE "users"."id" = 1 LIMIT 1[0m
Processing by HomeController#index as HTML
  [1m[35mUser Load (0.1ms)[0m  SELECT "users".* FROM "users" 
  Rendered home/index.html.erb within layouts/application (0.4ms)
  [1m[36m (0.1ms)[0m  [1mSELECT COUNT(*) FROM "roles" INNER JOIN "users_roles" ON "roles"."id" = "users_roles"."role_id" WHERE "users_roles"."user_id" = 1 AND (((roles.name = 'admin') AND (roles.resource_type IS NULL) AND (roles.resource_id IS NULL)))[0m
  Rendered layouts/_navigation.html.erb (2.1ms)
  Rendered layouts/_messages.html.erb (0.0ms)
Completed 200 OK in 33ms (Views: 32.3ms | ActiveRecord: 0.2ms)


Started DELETE "/users/sign_out" for 10.0.2.2 at 2012-08-28 20:25:31 +0200
Processing by Devise::SessionsController#destroy as HTML
  Parameters: {"authenticity_token"=>"btnKZderjzVXl9wM6Z8IrNubANf9McQw0bYZAy/Elks="}
  [1m[35mUser Load (0.2ms)[0m  SELECT "users".* FROM "users" WHERE "users"."id" = 1 LIMIT 1
  [1m[36m (0.0ms)[0m  [1mbegin transaction[0m
  [1m[35m (0.0ms)[0m  commit transaction
Redirected to http://localhost:3333/
Completed 302 Found in 5ms (ActiveRecord: 0.2ms)


Started GET "/" for 10.0.2.2 at 2012-08-28 20:25:31 +0200
Processing by HomeController#index as HTML
  [1m[36mUser Load (0.1ms)[0m  [1mSELECT "users".* FROM "users" [0m
  Rendered home/index.html.erb within layouts/application (0.4ms)
  Rendered layouts/_navigation.html.erb (0.6ms)
  Rendered layouts/_messages.html.erb (0.1ms)
Completed 200 OK in 15ms (Views: 14.5ms | ActiveRecord: 0.1ms)
Connecting to database specified by database.yml


Started GET "/" for 10.0.2.2 at 2012-08-28 20:48:41 +0200
Processing by HomeController#index as HTML
  [1m[36mUser Load (0.1ms)[0m  [1mSELECT "users".* FROM "users" [0m
  Rendered home/index.html.erb within layouts/application (5.4ms)
Compiled jquery.js  (3ms)  (pid 7563)
Compiled jquery_ujs.js  (0ms)  (pid 7563)
Compiled bootstrap-transition.js  (0ms)  (pid 7563)
Compiled bootstrap-alert.js  (0ms)  (pid 7563)
Compiled bootstrap-button.js  (0ms)  (pid 7563)
Compiled bootstrap-carousel.js  (0ms)  (pid 7563)
Compiled bootstrap-collapse.js  (0ms)  (pid 7563)
Compiled bootstrap-dropdown.js  (0ms)  (pid 7563)
Compiled bootstrap-modal.js  (0ms)  (pid 7563)
Compiled bootstrap-scrollspy.js  (0ms)  (pid 7563)
Compiled bootstrap-tab.js  (0ms)  (pid 7563)
Compiled bootstrap-tooltip.js  (0ms)  (pid 7563)
Compiled bootstrap-popover.js  (0ms)  (pid 7563)
Compiled bootstrap-typeahead.js  (0ms)  (pid 7563)
Compiled bootstrap.js  (87ms)  (pid 7563)
Compiled application.js  (124ms)  (pid 7563)
  Rendered layouts/_navigation.html.erb (1.4ms)
  Rendered layouts/_messages.html.erb (0.4ms)
Completed 200 OK in 278ms (Views: 207.2ms | ActiveRecord: 2.4ms)


Started GET "/assets/application.css?body=1" for 10.0.2.2 at 2012-08-28 20:48:42 +0200
Served asset /application.css - 304 Not Modified (31ms)


Started GET "/assets/jquery_ujs.js?body=1" for 10.0.2.2 at 2012-08-28 20:48:42 +0200
Served asset /jquery_ujs.js - 304 Not Modified (1ms)


Started GET "/assets/bootstrap-transition.js?body=1" for 10.0.2.2 at 2012-08-28 20:48:42 +0200
Served asset /bootstrap-transition.js - 304 Not Modified (1ms)


Started GET "/assets/jquery.js?body=1" for 10.0.2.2 at 2012-08-28 20:48:42 +0200
Served asset /jquery.js - 304 Not Modified (2ms)


Started GET "/assets/home.css?body=1" for 10.0.2.2 at 2012-08-28 20:48:42 +0200
Served asset /home.css - 304 Not Modified (1ms)


Started GET "/assets/bootstrap_and_overrides.css?body=1" for 10.0.2.2 at 2012-08-28 20:48:42 +0200
Served asset /bootstrap_and_overrides.css - 304 Not Modified (7ms)


Started GET "/assets/bootstrap-carousel.js?body=1" for 10.0.2.2 at 2012-08-28 20:48:42 +0200
Served asset /bootstrap-carousel.js - 304 Not Modified (1ms)


Started GET "/assets/bootstrap-button.js?body=1" for 10.0.2.2 at 2012-08-28 20:48:42 +0200
Served asset /bootstrap-button.js - 304 Not Modified (1ms)


Started GET "/assets/bootstrap-alert.js?body=1" for 10.0.2.2 at 2012-08-28 20:48:42 +0200
Served asset /bootstrap-alert.js - 304 Not Modified (1ms)


Started GET "/assets/bootstrap-dropdown.js?body=1" for 10.0.2.2 at 2012-08-28 20:48:42 +0200
Served asset /bootstrap-dropdown.js - 304 Not Modified (2ms)


Started GET "/assets/bootstrap-collapse.js?body=1" for 10.0.2.2 at 2012-08-28 20:48:42 +0200
Served asset /bootstrap-collapse.js - 304 Not Modified (1ms)


Started GET "/assets/bootstrap-scrollspy.js?body=1" for 10.0.2.2 at 2012-08-28 20:48:42 +0200
Served asset /bootstrap-scrollspy.js - 304 Not Modified (2ms)


Started GET "/assets/bootstrap-modal.js?body=1" for 10.0.2.2 at 2012-08-28 20:48:42 +0200
Served asset /bootstrap-modal.js - 304 Not Modified (3ms)


Started GET "/assets/bootstrap-tab.js?body=1" for 10.0.2.2 at 2012-08-28 20:48:42 +0200
Served asset /bootstrap-tab.js - 304 Not Modified (4ms)


Started GET "/assets/bootstrap-tooltip.js?body=1" for 10.0.2.2 at 2012-08-28 20:48:42 +0200
Served asset /bootstrap-tooltip.js - 304 Not Modified (2ms)


Started GET "/assets/bootstrap-typeahead.js?body=1" for 10.0.2.2 at 2012-08-28 20:48:42 +0200
Served asset /bootstrap-typeahead.js - 304 Not Modified (1ms)


Started GET "/assets/bootstrap-popover.js?body=1" for 10.0.2.2 at 2012-08-28 20:48:42 +0200
Served asset /bootstrap-popover.js - 304 Not Modified (1ms)


Started GET "/assets/bootstrap.js?body=1" for 10.0.2.2 at 2012-08-28 20:48:42 +0200
Served asset /bootstrap.js - 304 Not Modified (31ms)


Started GET "/assets/application.js?body=1" for 10.0.2.2 at 2012-08-28 20:48:42 +0200
Served asset /application.js - 304 Not Modified (13ms)


Started GET "/assets/home.js?body=1" for 10.0.2.2 at 2012-08-28 20:48:42 +0200
Served asset /home.js - 304 Not Modified (1ms)


Started GET "/" for 10.0.2.2 at 2012-08-28 20:48:43 +0200
Processing by HomeController#index as HTML
  [1m[35mUser Load (0.2ms)[0m  SELECT "users".* FROM "users" 
  Rendered home/index.html.erb within layouts/application (0.5ms)
  Rendered layouts/_navigation.html.erb (0.5ms)
  Rendered layouts/_messages.html.erb (0.1ms)
Completed 200 OK in 19ms (Views: 17.9ms | ActiveRecord: 0.2ms)


Started GET "/assets/jquery_ujs.js?body=1" for 10.0.2.2 at 2012-08-28 20:48:44 +0200
Served asset /jquery_ujs.js - 304 Not Modified (0ms)


Started GET "/assets/jquery.js?body=1" for 10.0.2.2 at 2012-08-28 20:48:44 +0200
Served asset /jquery.js - 304 Not Modified (0ms)


Started GET "/assets/bootstrap-transition.js?body=1" for 10.0.2.2 at 2012-08-28 20:48:44 +0200
Served asset /bootstrap-transition.js - 304 Not Modified (5ms)


Started GET "/assets/home.css?body=1" for 10.0.2.2 at 2012-08-28 20:48:44 +0200
Served asset /home.css - 304 Not Modified (1ms)


Started GET "/assets/bootstrap_and_overrides.css?body=1" for 10.0.2.2 at 2012-08-28 20:48:44 +0200
Served asset /bootstrap_and_overrides.css - 304 Not Modified (4ms)


Started GET "/assets/application.css?body=1" for 10.0.2.2 at 2012-08-28 20:48:44 +0200
Served asset /application.css - 304 Not Modified (5ms)


Started GET "/assets/bootstrap-alert.js?body=1" for 10.0.2.2 at 2012-08-28 20:48:44 +0200
Served asset /bootstrap-alert.js - 304 Not Modified (0ms)


Started GET "/assets/bootstrap-button.js?body=1" for 10.0.2.2 at 2012-08-28 20:48:44 +0200
Served asset /bootstrap-button.js - 304 Not Modified (2ms)


Started GET "/assets/bootstrap-carousel.js?body=1" for 10.0.2.2 at 2012-08-28 20:48:44 +0200
Served asset /bootstrap-carousel.js - 304 Not Modified (0ms)


Started GET "/assets/bootstrap-collapse.js?body=1" for 10.0.2.2 at 2012-08-28 20:48:44 +0200
Served asset /bootstrap-collapse.js - 304 Not Modified (0ms)


Started GET "/assets/bootstrap-dropdown.js?body=1" for 10.0.2.2 at 2012-08-28 20:48:44 +0200
Served asset /bootstrap-dropdown.js - 304 Not Modified (0ms)


Started GET "/assets/bootstrap-modal.js?body=1" for 10.0.2.2 at 2012-08-28 20:48:44 +0200
Served asset /bootstrap-modal.js - 304 Not Modified (0ms)


Started GET "/assets/bootstrap-scrollspy.js?body=1" for 10.0.2.2 at 2012-08-28 20:48:44 +0200
Served asset /bootstrap-scrollspy.js - 304 Not Modified (0ms)


Started GET "/assets/bootstrap-tooltip.js?body=1" for 10.0.2.2 at 2012-08-28 20:48:44 +0200
Served asset /bootstrap-tooltip.js - 304 Not Modified (0ms)


Started GET "/assets/bootstrap-popover.js?body=1" for 10.0.2.2 at 2012-08-28 20:48:44 +0200
Served asset /bootstrap-popover.js - 304 Not Modified (0ms)


Started GET "/assets/bootstrap-tab.js?body=1" for 10.0.2.2 at 2012-08-28 20:48:44 +0200
Served asset /bootstrap-tab.js - 304 Not Modified (0ms)


Started GET "/assets/bootstrap-typeahead.js?body=1" for 10.0.2.2 at 2012-08-28 20:48:44 +0200
Served asset /bootstrap-typeahead.js - 304 Not Modified (0ms)


Started GET "/assets/bootstrap.js?body=1" for 10.0.2.2 at 2012-08-28 20:48:44 +0200
Served asset /bootstrap.js - 304 Not Modified (1ms)


Started GET "/assets/application.js?body=1" for 10.0.2.2 at 2012-08-28 20:48:44 +0200
Served asset /application.js - 304 Not Modified (3ms)


Started GET "/assets/home.js?body=1" for 10.0.2.2 at 2012-08-28 20:48:44 +0200
Served asset /home.js - 304 Not Modified (0ms)


Started GET "/users/sign_in" for 10.0.2.2 at 2012-08-28 20:48:46 +0200
Processing by Devise::SessionsController#new as HTML
  Rendered devise/shared/_links.html.erb (1.2ms)
  Rendered /home/vagrant/.rvm/gems/ruby-1.9.3-p194/gems/devise-2.1.2/app/views/devise/sessions/new.html.erb within layouts/application (11.1ms)
  Rendered layouts/_navigation.html.erb (0.8ms)
  Rendered layouts/_messages.html.erb (0.2ms)
Completed 200 OK in 32ms (Views: 31.5ms | ActiveRecord: 0.0ms)


Started GET "/assets/application.css?body=1" for 10.0.2.2 at 2012-08-28 20:48:46 +0200
Served asset /application.css - 304 Not Modified (4ms)


Started GET "/assets/jquery_ujs.js?body=1" for 10.0.2.2 at 2012-08-28 20:48:46 +0200
Served asset /jquery_ujs.js - 304 Not Modified (0ms)


Started GET "/assets/bootstrap-transition.js?body=1" for 10.0.2.2 at 2012-08-28 20:48:46 +0200
Served asset /bootstrap-transition.js - 304 Not Modified (0ms)


Started GET "/assets/bootstrap_and_overrides.css?body=1" for 10.0.2.2 at 2012-08-28 20:48:46 +0200
Served asset /bootstrap_and_overrides.css - 304 Not Modified (3ms)


Started GET "/assets/home.css?body=1" for 10.0.2.2 at 2012-08-28 20:48:46 +0200
Served asset /home.css - 304 Not Modified (1ms)


Started GET "/assets/jquery.js?body=1" for 10.0.2.2 at 2012-08-28 20:48:46 +0200
Served asset /jquery.js - 304 Not Modified (0ms)


Started GET "/assets/bootstrap-alert.js?body=1" for 10.0.2.2 at 2012-08-28 20:48:46 +0200
Served asset /bootstrap-alert.js - 304 Not Modified (0ms)


Started GET "/assets/bootstrap-button.js?body=1" for 10.0.2.2 at 2012-08-28 20:48:46 +0200
Served asset /bootstrap-button.js - 304 Not Modified (0ms)


Started GET "/assets/bootstrap-collapse.js?body=1" for 10.0.2.2 at 2012-08-28 20:48:46 +0200
Served asset /bootstrap-collapse.js - 304 Not Modified (0ms)


Started GET "/assets/bootstrap-modal.js?body=1" for 10.0.2.2 at 2012-08-28 20:48:46 +0200
Served asset /bootstrap-modal.js - 304 Not Modified (1ms)


Started GET "/assets/bootstrap-dropdown.js?body=1" for 10.0.2.2 at 2012-08-28 20:48:46 +0200
Served asset /bootstrap-dropdown.js - 304 Not Modified (0ms)


Started GET "/assets/bootstrap-scrollspy.js?body=1" for 10.0.2.2 at 2012-08-28 20:48:46 +0200
Served asset /bootstrap-scrollspy.js - 304 Not Modified (0ms)


Started GET "/assets/bootstrap-tab.js?body=1" for 10.0.2.2 at 2012-08-28 20:48:46 +0200
Served asset /bootstrap-tab.js - 304 Not Modified (0ms)


Started GET "/assets/bootstrap-tooltip.js?body=1" for 10.0.2.2 at 2012-08-28 20:48:46 +0200
Served asset /bootstrap-tooltip.js - 304 Not Modified (0ms)


Started GET "/assets/bootstrap-typeahead.js?body=1" for 10.0.2.2 at 2012-08-28 20:48:46 +0200
Served asset /bootstrap-typeahead.js - 304 Not Modified (0ms)


Started GET "/assets/bootstrap-popover.js?body=1" for 10.0.2.2 at 2012-08-28 20:48:46 +0200
Served asset /bootstrap-popover.js - 304 Not Modified (0ms)


Started GET "/assets/bootstrap.js?body=1" for 10.0.2.2 at 2012-08-28 20:48:46 +0200
Served asset /bootstrap.js - 304 Not Modified (0ms)


Started GET "/assets/application.js?body=1" for 10.0.2.2 at 2012-08-28 20:48:46 +0200
Served asset /application.js - 304 Not Modified (3ms)


Started GET "/assets/home.js?body=1" for 10.0.2.2 at 2012-08-28 20:48:46 +0200
Served asset /home.js - 304 Not Modified (0ms)


Started GET "/assets/bootstrap-carousel.js?body=1" for 10.0.2.2 at 2012-08-28 20:48:49 +0200
Served asset /bootstrap-carousel.js - 304 Not Modified (0ms)
Connecting to database specified by database.yml


Started GET "/users/sign_in" for 10.0.2.2 at 2012-08-28 21:00:18 +0200
Processing by Devise::SessionsController#new as HTML
  Rendered devise/shared/_links.html.erb (1.7ms)
  Rendered /home/vagrant/.rvm/gems/ruby-1.9.3-p194/gems/devise-2.1.2/app/views/devise/sessions/new.html.erb within layouts/application (28.0ms)
  Rendered layouts/_navigation.html.erb (1.2ms)
  Rendered layouts/_messages.html.erb (0.3ms)
Completed 200 OK in 159ms (Views: 104.9ms | ActiveRecord: 1.6ms)


Started GET "/assets/application.css?body=1" for 10.0.2.2 at 2012-08-28 21:00:19 +0200
Served asset /application.css - 304 Not Modified (11ms)


Started GET "/assets/jquery_ujs.js?body=1" for 10.0.2.2 at 2012-08-28 21:00:19 +0200
Served asset /jquery_ujs.js - 304 Not Modified (19ms)


Started GET "/assets/bootstrap_and_overrides.css?body=1" for 10.0.2.2 at 2012-08-28 21:00:19 +0200
Served asset /bootstrap_and_overrides.css - 304 Not Modified (6ms)


Started GET "/assets/jquery.js?body=1" for 10.0.2.2 at 2012-08-28 21:00:19 +0200
Served asset /jquery.js - 304 Not Modified (2ms)


Started GET "/assets/bootstrap-transition.js?body=1" for 10.0.2.2 at 2012-08-28 21:00:19 +0200
Served asset /bootstrap-transition.js - 304 Not Modified (1ms)


Started GET "/assets/home.css?body=1" for 10.0.2.2 at 2012-08-28 21:00:19 +0200
Served asset /home.css - 304 Not Modified (0ms)


Started GET "/assets/bootstrap-alert.js?body=1" for 10.0.2.2 at 2012-08-28 21:00:19 +0200
Served asset /bootstrap-alert.js - 304 Not Modified (1ms)


Started GET "/assets/bootstrap-button.js?body=1" for 10.0.2.2 at 2012-08-28 21:00:19 +0200
Served asset /bootstrap-button.js - 304 Not Modified (1ms)


Started GET "/assets/bootstrap-collapse.js?body=1" for 10.0.2.2 at 2012-08-28 21:00:19 +0200
Served asset /bootstrap-collapse.js - 304 Not Modified (1ms)


Started GET "/assets/bootstrap-carousel.js?body=1" for 10.0.2.2 at 2012-08-28 21:00:19 +0200
Served asset /bootstrap-carousel.js - 304 Not Modified (1ms)


Started GET "/assets/bootstrap-tab.js?body=1" for 10.0.2.2 at 2012-08-28 21:00:19 +0200
Served asset /bootstrap-tab.js - 304 Not Modified (1ms)


Started GET "/assets/bootstrap-tooltip.js?body=1" for 10.0.2.2 at 2012-08-28 21:00:19 +0200
Served asset /bootstrap-tooltip.js - 304 Not Modified (7ms)


Started GET "/assets/bootstrap-popover.js?body=1" for 10.0.2.2 at 2012-08-28 21:00:19 +0200
Served asset /bootstrap-popover.js - 304 Not Modified (1ms)


Started GET "/assets/bootstrap-scrollspy.js?body=1" for 10.0.2.2 at 2012-08-28 21:00:19 +0200
Served asset /bootstrap-scrollspy.js - 304 Not Modified (1ms)


Started GET "/assets/bootstrap-dropdown.js?body=1" for 10.0.2.2 at 2012-08-28 21:00:19 +0200
Served asset /bootstrap-dropdown.js - 304 Not Modified (3ms)


Started GET "/assets/bootstrap-modal.js?body=1" for 10.0.2.2 at 2012-08-28 21:00:19 +0200
Served asset /bootstrap-modal.js - 304 Not Modified (1ms)


Started GET "/assets/bootstrap-typeahead.js?body=1" for 10.0.2.2 at 2012-08-28 21:00:19 +0200
Served asset /bootstrap-typeahead.js - 304 Not Modified (1ms)


Started GET "/assets/bootstrap.js?body=1" for 10.0.2.2 at 2012-08-28 21:00:19 +0200
Served asset /bootstrap.js - 304 Not Modified (12ms)


Started GET "/assets/home.js?body=1" for 10.0.2.2 at 2012-08-28 21:00:19 +0200
Served asset /home.js - 304 Not Modified (1ms)


Started GET "/assets/application.js?body=1" for 10.0.2.2 at 2012-08-28 21:00:19 +0200
Served asset /application.js - 304 Not Modified (33ms)


Started GET "/users/sign_up" for 10.0.2.2 at 2012-08-28 21:00:21 +0200
Processing by Devise::RegistrationsController#new as HTML
  Rendered devise/shared/_links.html.erb (0.4ms)
  Rendered devise/registrations/new.html.erb within layouts/application (3.4ms)
  Rendered layouts/_navigation.html.erb (0.6ms)
  Rendered layouts/_messages.html.erb (0.0ms)
Completed 200 OK in 24ms (Views: 23.0ms | ActiveRecord: 0.0ms)


Started GET "/assets/application.css?body=1" for 10.0.2.2 at 2012-08-28 21:00:21 +0200
Served asset /application.css - 304 Not Modified (20ms)


Started GET "/assets/home.css?body=1" for 10.0.2.2 at 2012-08-28 21:00:21 +0200
Served asset /home.css - 304 Not Modified (0ms)


Started GET "/assets/bootstrap_and_overrides.css?body=1" for 10.0.2.2 at 2012-08-28 21:00:21 +0200
Served asset /bootstrap_and_overrides.css - 304 Not Modified (9ms)


Started GET "/assets/bootstrap-transition.js?body=1" for 10.0.2.2 at 2012-08-28 21:00:21 +0200
Served asset /bootstrap-transition.js - 304 Not Modified (0ms)


Started GET "/assets/jquery_ujs.js?body=1" for 10.0.2.2 at 2012-08-28 21:00:21 +0200
Served asset /jquery_ujs.js - 304 Not Modified (0ms)


Started GET "/assets/jquery.js?body=1" for 10.0.2.2 at 2012-08-28 21:00:21 +0200
Served asset /jquery.js - 304 Not Modified (0ms)


Started GET "/assets/bootstrap-alert.js?body=1" for 10.0.2.2 at 2012-08-28 21:00:21 +0200
Served asset /bootstrap-alert.js - 304 Not Modified (0ms)


Started GET "/assets/bootstrap-button.js?body=1" for 10.0.2.2 at 2012-08-28 21:00:21 +0200
Served asset /bootstrap-button.js - 304 Not Modified (0ms)


Started GET "/assets/bootstrap-carousel.js?body=1" for 10.0.2.2 at 2012-08-28 21:00:21 +0200
Served asset /bootstrap-carousel.js - 304 Not Modified (0ms)


Started GET "/assets/bootstrap-collapse.js?body=1" for 10.0.2.2 at 2012-08-28 21:00:21 +0200
Served asset /bootstrap-collapse.js - 304 Not Modified (0ms)


Started GET "/assets/bootstrap-modal.js?body=1" for 10.0.2.2 at 2012-08-28 21:00:21 +0200
Served asset /bootstrap-modal.js - 304 Not Modified (0ms)


Started GET "/assets/bootstrap-dropdown.js?body=1" for 10.0.2.2 at 2012-08-28 21:00:21 +0200
Served asset /bootstrap-dropdown.js - 304 Not Modified (0ms)


Started GET "/assets/bootstrap-scrollspy.js?body=1" for 10.0.2.2 at 2012-08-28 21:00:21 +0200
Served asset /bootstrap-scrollspy.js - 304 Not Modified (0ms)


Started GET "/assets/bootstrap-tab.js?body=1" for 10.0.2.2 at 2012-08-28 21:00:21 +0200
Served asset /bootstrap-tab.js - 304 Not Modified (0ms)


Started GET "/assets/bootstrap-tooltip.js?body=1" for 10.0.2.2 at 2012-08-28 21:00:21 +0200
Served asset /bootstrap-tooltip.js - 304 Not Modified (2ms)


Started GET "/assets/bootstrap-popover.js?body=1" for 10.0.2.2 at 2012-08-28 21:00:21 +0200
Served asset /bootstrap-popover.js - 304 Not Modified (0ms)


Started GET "/assets/bootstrap-typeahead.js?body=1" for 10.0.2.2 at 2012-08-28 21:00:21 +0200
Served asset /bootstrap-typeahead.js - 304 Not Modified (1ms)


Started GET "/assets/bootstrap.js?body=1" for 10.0.2.2 at 2012-08-28 21:00:21 +0200
Served asset /bootstrap.js - 304 Not Modified (1ms)


Started GET "/assets/home.js?body=1" for 10.0.2.2 at 2012-08-28 21:00:22 +0200
Served asset /home.js - 304 Not Modified (0ms)


Started GET "/assets/application.js?body=1" for 10.0.2.2 at 2012-08-28 21:00:22 +0200
Served asset /application.js - 304 Not Modified (2ms)
